<?xml version="1.0" encoding="UTF-8"?>
<!-- Generated by org.testng.reporters.JUnitReportReporter -->
<testsuite hostname="pravakar" failures="0" tests="5" name="com.abc.TestNG.Script6" time="0.020" errors="0" timestamp="29 Apr 2020 11:46:01 GMT" skipped="0">
  <testcase classname="com.abc.TestNG.Script6" name="b_method" time="0.011"/>
  <testcase classname="com.abc.TestNG.Script6" name="d_method" time="0.003"/>
  <testcase classname="com.abc.TestNG.Script6" name="c_method" time="0.003"/>
  <testcase classname="com.abc.TestNG.Script6" name="e_method" time="0.001"/>
  <testcase classname="com.abc.TestNG.Script6" name="a_method" time="0.002"/>
</testsuite> <!-- com.abc.TestNG.Script6 -->
