<?xml version="1.0" encoding="UTF-8"?>
<!-- Generated by org.testng.reporters.JUnitReportReporter -->
<testsuite hostname="pravakar" failures="0" tests="1" name="com.abc.TestNG.Script2" time="0.012" errors="0" timestamp="29 Apr 2020 13:09:59 GMT" skipped="0">
  <testcase classname="com.abc.TestNG.Script2" name="testcase4" time="0.012"/>
</testsuite> <!-- com.abc.TestNG.Script2 -->
