<?xml version="1.0" encoding="UTF-8"?>
<!-- Generated by org.testng.reporters.JUnitReportReporter -->
<testsuite hostname="pravakar" failures="0" tests="2" name="com.abc.TestNG.Script4" time="0.013" errors="0" timestamp="29 Apr 2020 11:39:48 GMT" skipped="0">
  <testcase classname="com.abc.TestNG.Script4" name="negativecrendential" time="0.010"/>
  <testcase classname="com.abc.TestNG.Script4" name="positivecrendential" time="0.003"/>
</testsuite> <!-- com.abc.TestNG.Script4 -->
