<?xml version="1.0" encoding="UTF-8"?>
<!-- Generated by org.testng.reporters.JUnitReportReporter -->
<testsuite hostname="pravakar" failures="0" tests="5" name="com.abc.TestNG.Script5" time="0.014" errors="0" timestamp="29 Apr 2020 11:46:37 GMT" skipped="0">
  <testcase classname="com.abc.TestNG.Script5" name="w_method" time="0.001"/>
  <testcase classname="com.abc.TestNG.Script5" name="b_method" time="0.002"/>
  <testcase classname="com.abc.TestNG.Script5" name="z_method" time="0.001"/>
  <testcase classname="com.abc.TestNG.Script5" name="a_method" time="0.009"/>
  <testcase classname="com.abc.TestNG.Script5" name="p_method" time="0.001"/>
</testsuite> <!-- com.abc.TestNG.Script5 -->
