<?xml version="1.0" encoding="UTF-8"?>
<!-- Generated by org.testng.reporters.JUnitReportReporter -->
<testsuite hostname="pravakar" failures="0" tests="4" name="com.abc.TestNG.Script7_MultipleIdenticatMethod" time="0.040" errors="0" timestamp="29 Apr 2020 12:15:20 GMT" skipped="0">
  <testcase classname="com.abc.TestNG.Script7_MultipleIdenticatMethod" name="e_Method" time="0.001"/>
  <testcase classname="com.abc.TestNG.Script7_MultipleIdenticatMethod" name="a_Method" time="0.014"/>
  <testcase classname="com.abc.TestNG.Script7_MultipleIdenticatMethod" name="k_Method" time="0.023"/>
  <testcase classname="com.abc.TestNG.Script7_MultipleIdenticatMethod" name="z_Method" time="0.002"/>
</testsuite> <!-- com.abc.TestNG.Script7_MultipleIdenticatMethod -->
