<?xml version="1.0" encoding="UTF-8"?>
<!-- Generated by org.testng.reporters.JUnitReportReporter -->
<testsuite hostname="pravakar" failures="0" tests="3" name="com.abc.TestNG.Script3" time="0.011" errors="0" timestamp="29 Apr 2020 12:45:32 GMT" skipped="0">
  <testcase classname="com.abc.TestNG.Script3" name="test1" time="0.007"/>
  <testcase classname="com.abc.TestNG.Script3" name="test2" time="0.002"/>
  <testcase classname="com.abc.TestNG.Script3" name="test3" time="0.002"/>
</testsuite> <!-- com.abc.TestNG.Script3 -->
