<?xml version="1.0" encoding="UTF-8"?>
<!-- Generated by org.testng.reporters.JUnitReportReporter -->
<testsuite hostname="pravakar" failures="0" tests="1" name="com.abc.TestNG.Script1" time="57.896" errors="0" timestamp="01 May 2020 03:01:39 GMT" skipped="0">
  <testcase classname="com.abc.TestNG.Script1" name="Test" time="57.896"/>
</testsuite> <!-- com.abc.TestNG.Script1 -->
