<?xml version="1.0" encoding="UTF-8"?>
<!-- Generated by org.testng.reporters.JUnitReportReporter -->
<testsuite hostname="pravakar" failures="0" tests="2" name="com.abc.testngnew.BeforeTestDemo" time="0.010" errors="0" timestamp="29 Apr 2020 14:10:54 GMT" skipped="0">
  <testcase classname="com.abc.testngnew.BeforeTestDemo" name="Test1" time="0.007"/>
  <testcase classname="com.abc.testngnew.BeforeTestDemo" name="Test2" time="0.003"/>
</testsuite> <!-- com.abc.testngnew.BeforeTestDemo -->
